2020-10-07 19:30:44,873:INFO:PyCaret Regression Module
2020-10-07 19:30:44,873:INFO:version 2.1.2
2020-10-07 19:30:44,873:INFO:Initializing setup()
2020-10-07 19:30:44,874:INFO:USI: 79a2
2020-10-07 19:30:44,874:INFO:setup(data=(6735, 241), target=reweighted_redline_index, train_size=0.7, sampling=True, sample_estimator=None, categorical_features=None, categorical_imputation=constant, ordinal_features=None,
                    high_cardinality_features=None, high_cardinality_method=frequency, numeric_features=None, numeric_imputation=mean, date_features=None, ignore_features=None, normalize=False,
                    normalize_method=zscore, transformation=False, transformation_method=yeo-johnson, handle_unknown_categorical=True, unknown_categorical_method=least_frequent, pca=False, pca_method=linear,
                    pca_components=None, ignore_low_variance=False, combine_rare_levels=False, rare_level_threshold=0.1, bin_numeric_features=None, remove_outliers=False, outliers_threshold=0.05,
                    remove_multicollinearity=False, multicollinearity_threshold=0.9, remove_perfect_collinearity=False, create_clusters=False, cluster_iter=20,
                    polynomial_features=False, polynomial_degree=2, trigonometry_features=False, polynomial_threshold=0.1, group_features=None,
                    group_names=None, feature_selection=False, feature_selection_threshold=0.8, feature_interaction=False, feature_ratio=False, interaction_threshold=0.01, transform_target=False,
                    transform_target_method=box-cox, data_split_shuffle=True, folds_shuffle=False, n_jobs=-1, html=True, session_id=None, log_experiment=False,
                    experiment_name=None, log_plots=False, log_profile=False, log_data=False, silent=False, verbose=True, profile=False)
2020-10-07 19:30:44,874:INFO:Checking environment
2020-10-07 19:30:44,874:INFO:python_version: 3.7.3
2020-10-07 19:30:44,874:INFO:python_build: ('default', 'Jun 11 2019 01:11:15')
2020-10-07 19:30:44,874:INFO:machine: x86_64
2020-10-07 19:30:44,876:INFO:platform: Linux-4.19.76+-x86_64-with-debian-9.13
2020-10-07 19:30:44,878:WARNING:cannot find psutil installation. memory not traceable. Install psutil using pip to enable memory logging. 
2020-10-07 19:30:44,878:INFO:Checking libraries
2020-10-07 19:30:44,879:INFO:pd==1.0.5
2020-10-07 19:30:44,879:INFO:numpy==1.19.2
2020-10-07 19:30:45,993:INFO:sklearn==0.23.2
2020-10-07 19:30:46,094:INFO:xgboost==1.2.0
2020-10-07 19:30:46,333:INFO:lightgbm==3.0.0
2020-10-07 19:30:46,467:INFO:catboost==0.24.1
2020-10-07 19:30:47,095:INFO:mlflow==1.11.0
2020-10-07 19:30:47,096:INFO:Checking Exceptions
2020-10-07 19:30:47,096:INFO:Preloading libraries
2020-10-07 19:30:47,096:INFO:Preparing display monitor
2020-10-07 19:30:47,136:INFO:Importing libraries
2020-10-07 19:30:48,476:INFO:Declaring global variables
2020-10-07 19:30:48,476:INFO:Copying data for preprocessing
2020-10-07 19:30:48,506:INFO:Declaring preprocessing parameters
2020-10-07 19:30:48,506:INFO:Importing preprocessing module
2020-10-07 19:30:49,729:INFO:Creating preprocessing pipeline
2020-10-07 19:31:01,182:INFO:Preprocessing pipeline created successfully
2020-10-07 19:31:01,184:INFO:No inverse transformer found
2020-10-07 19:31:01,184:INFO:Creating grid variables
2020-10-07 19:31:01,191:INFO:Creating global containers
2020-10-07 19:31:01,485:INFO:create_model_container: 0
2020-10-07 19:31:01,486:INFO:master_model_container: 0
2020-10-07 19:31:01,486:INFO:display_container: 0
2020-10-07 19:31:01,486:INFO:setup() succesfully completed......................................
2020-10-07 19:31:05,776:INFO:Initializing create_model()
2020-10-07 19:31:05,776:INFO:create_model(estimator=catboost, ensemble=False, method=None, fold=10, round=4, cross_validation=True, verbose=True, system=True)
2020-10-07 19:31:05,777:INFO:Checking exceptions
2020-10-07 19:31:05,777:INFO:Preloading libraries
2020-10-07 19:31:05,777:INFO:Preparing display monitor
2020-10-07 19:31:05,845:INFO:Copying training dataset
2020-10-07 19:31:05,847:INFO:Importing libraries
2020-10-07 19:31:05,849:INFO:Defining folds
2020-10-07 19:31:05,849:INFO:Declaring metric variables
2020-10-07 19:31:05,869:INFO:CatBoost Regressor Imported succesfully
2020-10-07 19:31:05,870:INFO:Checking ensemble method
2020-10-07 19:31:05,892:INFO:Initializing Fold 1
2020-10-07 19:31:05,921:INFO:Fitting Model
2020-10-07 19:31:34,931:INFO:Initializing create_model()
2020-10-07 19:31:34,931:INFO:create_model(estimator=catboost, ensemble=False, method=None, fold=10, round=4, cross_validation=True, verbose=True, system=True)
2020-10-07 19:31:34,932:INFO:Checking exceptions
2020-10-07 19:31:34,932:INFO:Preloading libraries
2020-10-07 19:31:34,932:INFO:Preparing display monitor
2020-10-07 19:31:34,999:INFO:Copying training dataset
2020-10-07 19:31:35,021:INFO:Importing libraries
2020-10-07 19:31:35,023:INFO:Defining folds
2020-10-07 19:31:35,023:INFO:Declaring metric variables
2020-10-07 19:31:35,041:INFO:CatBoost Regressor Imported succesfully
2020-10-07 19:31:35,042:INFO:Checking ensemble method
2020-10-07 19:31:35,060:INFO:Initializing Fold 1
2020-10-07 19:31:35,101:INFO:Fitting Model
2020-10-07 19:32:20,928:INFO:Evaluating Metrics
2020-10-07 19:32:20,977:INFO:No inverse transformation
2020-10-07 19:32:20,977:INFO:Compiling Metrics
2020-10-07 19:32:21,063:INFO:Initializing Fold 2
2020-10-07 19:32:21,129:INFO:Fitting Model
2020-10-07 19:33:07,161:INFO:Evaluating Metrics
2020-10-07 19:33:07,210:INFO:No inverse transformation
2020-10-07 19:33:07,210:INFO:Compiling Metrics
2020-10-07 19:33:07,289:INFO:Initializing Fold 3
2020-10-07 19:33:07,314:INFO:Fitting Model
2020-10-07 19:33:53,220:INFO:Evaluating Metrics
2020-10-07 19:33:53,251:INFO:No inverse transformation
2020-10-07 19:33:53,251:INFO:Compiling Metrics
2020-10-07 19:33:53,321:INFO:Initializing Fold 4
2020-10-07 19:33:53,344:INFO:Fitting Model
2020-10-07 19:34:39,243:INFO:Evaluating Metrics
2020-10-07 19:34:39,267:INFO:No inverse transformation
2020-10-07 19:34:39,267:INFO:Compiling Metrics
2020-10-07 19:34:39,341:INFO:Initializing Fold 5
2020-10-07 19:34:39,382:INFO:Fitting Model
2020-10-07 19:35:25,043:INFO:Evaluating Metrics
2020-10-07 19:35:25,076:INFO:No inverse transformation
2020-10-07 19:35:25,077:INFO:Compiling Metrics
2020-10-07 19:35:25,144:INFO:Initializing Fold 6
2020-10-07 19:35:25,170:INFO:Fitting Model
2020-10-07 19:36:11,213:INFO:Evaluating Metrics
2020-10-07 19:36:11,239:INFO:No inverse transformation
2020-10-07 19:36:11,239:INFO:Compiling Metrics
2020-10-07 19:36:11,356:INFO:Initializing Fold 7
2020-10-07 19:36:11,379:INFO:Fitting Model
2020-10-07 19:36:57,359:INFO:Evaluating Metrics
2020-10-07 19:36:57,384:INFO:No inverse transformation
2020-10-07 19:36:57,384:INFO:Compiling Metrics
2020-10-07 19:36:57,460:INFO:Initializing Fold 8
2020-10-07 19:36:57,483:INFO:Fitting Model
2020-10-07 19:37:42,999:INFO:Evaluating Metrics
2020-10-07 19:37:43,023:INFO:No inverse transformation
2020-10-07 19:37:43,023:INFO:Compiling Metrics
2020-10-07 19:37:43,094:INFO:Initializing Fold 9
2020-10-07 19:37:43,116:INFO:Fitting Model
2020-10-07 19:38:29,685:INFO:Evaluating Metrics
2020-10-07 19:38:29,716:INFO:No inverse transformation
2020-10-07 19:38:29,716:INFO:Compiling Metrics
2020-10-07 19:38:29,799:INFO:Initializing Fold 10
2020-10-07 19:38:29,831:INFO:Fitting Model
2020-10-07 19:39:15,085:INFO:Evaluating Metrics
2020-10-07 19:39:15,111:INFO:No inverse transformation
2020-10-07 19:39:15,111:INFO:Compiling Metrics
2020-10-07 19:39:15,205:INFO:Calculating mean and std
2020-10-07 19:39:15,209:INFO:Creating metrics dataframe
2020-10-07 19:39:15,242:INFO:Finalizing model
2020-10-07 19:40:01,524:INFO:Uploading results into container
2020-10-07 19:40:01,525:INFO:Uploading model into container
2020-10-07 19:40:01,586:INFO:create_model_container: 1
2020-10-07 19:40:01,586:INFO:master_model_container: 1
2020-10-07 19:40:01,586:INFO:display_container: 1
2020-10-07 19:40:01,586:INFO:<catboost.core.CatBoostRegressor object at 0x7f436aef7b38>
2020-10-07 19:40:01,586:INFO:create_model() succesfully completed......................................
2020-10-07 19:41:34,585:INFO:Initializing interpret_model()
2020-10-07 19:41:34,585:INFO:interpret_model(estimator=<catboost.core.CatBoostRegressor object at 0x7f436aef7b38>, plot=summary, feature=None, observation=None)
2020-10-07 19:41:34,585:INFO:Checking exceptions
2020-10-07 19:41:34,588:ERROR:shap library not found. pip install shap to use interpret_model function.
2020-10-07 19:42:16,854:INFO:Initializing interpret_model()
2020-10-07 19:42:16,856:INFO:interpret_model(estimator=<catboost.core.CatBoostRegressor object at 0x7f436aef7b38>, plot=summary, feature=None, observation=None)
2020-10-07 19:42:16,859:INFO:Checking exceptions
2020-10-07 19:42:17,641:INFO:Importing libraries
2020-10-07 19:42:17,643:INFO:plot type: summary
2020-10-07 19:42:17,644:INFO:Creating TreeExplainer
2020-10-07 19:42:17,646:INFO:Compiling shap values
2020-10-07 19:42:21,423:INFO:Visual Rendered Successfully
2020-10-07 19:42:21,427:INFO:interpret_model() succesfully completed......................................
2020-10-07 19:42:39,407:INFO:Initializing interpret_model()
2020-10-07 19:42:39,408:INFO:interpret_model(estimator=<catboost.core.CatBoostRegressor object at 0x7f436aef7b38>, plot=summary, feature=None, observation=None)
2020-10-07 19:42:39,410:INFO:Checking exceptions
2020-10-07 19:42:39,411:INFO:Importing libraries
2020-10-07 19:42:39,412:INFO:plot type: summary
2020-10-07 19:42:39,413:INFO:Creating TreeExplainer
2020-10-07 19:42:39,415:INFO:Compiling shap values
2020-10-07 19:42:58,621:INFO:Initializing interpret_model()
2020-10-07 19:42:58,622:INFO:interpret_model(estimator=<catboost.core.CatBoostRegressor object at 0x7f436aef7b38>, plot=summary, feature=None, observation=None)
2020-10-07 19:42:58,624:INFO:Checking exceptions
2020-10-07 19:42:58,626:INFO:Importing libraries
2020-10-07 19:42:58,627:INFO:plot type: summary
2020-10-07 19:42:58,629:INFO:Creating TreeExplainer
2020-10-07 19:42:58,631:INFO:Compiling shap values
2020-10-07 19:43:02,037:INFO:Visual Rendered Successfully
2020-10-07 19:43:02,039:INFO:interpret_model() succesfully completed......................................
